2024-08-21 13:20:23,654 - INFO - Файл remote_version.txt успешно загружен.
2024-08-21 13:22:04,856 - INFO - Folder C:\Users\Operator\AppData\Local\Programs\Python\Python311\launcher\MO2/mods/RFAD_PATCH cleaned, except version.txt.
2024-08-21 13:22:06,268 - INFO - Extracted archive update.zip to C:\Users\Operator\AppData\Local\Programs\Python\Python311\launcher\MO2/mods/RFAD_PATCH
2024-08-21 13:22:06,269 - INFO - Local version file replaced with new version: C:\Users\Operator\AppData\Local\Programs\Python\Python311\launcher\MO2/mods/RFAD_PATCH\version.txt
2024-08-21 13:32:19,492 - INFO - Файл remote_version.txt успешно загружен.
2024-08-21 13:32:33,006 - INFO - Файл remote_version.txt успешно загружен.
2024-08-21 13:33:37,465 - INFO - Folder C:\Users\Operator\AppData\Local\Programs\Python\Python311\launcher\MO2/mods/RFAD_PATCH cleaned, except version.txt.
2024-08-21 13:34:24,164 - INFO - Файл remote_version.txt успешно загружен.
2024-08-21 16:34:59,261 - INFO - Файл remote_version.txt успешно загружен.
2024-08-21 16:39:01,860 - INFO - Файл remote_version.txt успешно загружен.
2024-08-21 16:42:32,415 - INFO - Файл remote_version.txt успешно загружен.
2024-08-21 16:48:03,507 - INFO - Файл remote_version.txt успешно загружен.
2024-08-21 16:48:54,937 - INFO - Файл remote_version.txt успешно загружен.
2024-08-22 09:18:56,612 - INFO - Файл remote_version.txt успешно загружен.
2024-08-22 09:22:45,465 - INFO - Файл remote_version.txt успешно загружен.
2024-08-22 09:35:55,543 - INFO - Файл remote_version.txt успешно загружен.
2024-08-23 09:19:49,696 - INFO - Файл remote_version.txt успешно загружен.
2024-08-23 09:25:44,780 - INFO - Файл remote_version.txt успешно загружен.
2024-08-23 09:26:50,002 - INFO - Файл remote_version.txt успешно загружен.
2024-08-23 09:30:09,896 - INFO - Файл remote_version.txt успешно загружен.
2024-08-23 09:31:54,780 - INFO - Файл remote_version.txt успешно загружен.
2024-08-23 09:32:06,934 - INFO - Файл remote_version.txt успешно загружен.
2024-08-23 09:33:53,018 - INFO - Файл remote_version.txt успешно загружен.
2024-08-23 09:34:18,435 - INFO - Файл remote_version.txt успешно загружен.
2024-08-23 09:34:34,937 - INFO - Файл remote_version.txt успешно загружен.
2024-08-23 09:34:54,587 - INFO - Файл remote_version.txt успешно загружен.
2024-08-23 09:36:01,530 - INFO - Файл remote_version.txt успешно загружен.
2024-08-23 09:36:36,601 - INFO - Файл remote_version.txt успешно загружен.
2024-08-23 09:37:31,067 - INFO - Файл remote_version.txt успешно загружен.
2024-08-23 09:39:05,405 - INFO - Файл remote_version.txt успешно загружен.
2024-08-23 09:39:31,471 - INFO - Файл remote_version.txt успешно загружен.
2024-08-23 09:39:43,139 - INFO - Файл remote_version.txt успешно загружен.
2024-08-23 09:40:15,282 - INFO - Файл remote_version.txt успешно загружен.
2024-08-23 09:41:09,539 - INFO - Файл remote_version.txt успешно загружен.
2024-08-23 09:42:45,802 - INFO - Файл remote_version.txt успешно загружен.
2024-08-23 09:44:11,780 - INFO - Файл remote_version.txt успешно загружен.
2024-08-23 09:48:01,774 - INFO - Файл remote_version.txt успешно загружен.
2024-08-23 09:48:53,942 - INFO - Файл remote_version.txt успешно загружен.
2024-08-23 09:49:17,984 - INFO - Файл remote_version.txt успешно загружен.
2024-08-23 09:49:33,397 - INFO - Файл remote_version.txt успешно загружен.
2024-08-23 09:50:08,625 - INFO - Файл remote_version.txt успешно загружен.
2024-08-23 09:50:30,783 - INFO - Файл remote_version.txt успешно загружен.
2024-08-23 09:50:41,314 - INFO - Файл remote_version.txt успешно загружен.
2024-08-23 09:50:57,512 - INFO - Файл remote_version.txt успешно загружен.
2024-08-23 09:52:33,013 - INFO - Файл remote_version.txt успешно загружен.
2024-08-23 09:57:14,797 - INFO - Файл remote_version.txt успешно загружен.
2024-08-23 09:58:28,366 - INFO - Файл remote_version.txt успешно загружен.
2024-08-23 10:00:54,758 - INFO - Файл remote_version.txt успешно загружен.
2024-08-23 10:03:36,396 - INFO - Файл remote_version.txt успешно загружен.
2024-08-23 10:04:47,524 - INFO - Файл remote_version.txt успешно загружен.
2024-08-23 10:05:08,931 - INFO - Файл remote_version.txt успешно загружен.
2024-08-23 10:08:33,007 - INFO - Файл remote_version.txt успешно загружен.
2024-08-23 10:09:03,396 - INFO - Файл remote_version.txt успешно загружен.
2024-08-23 10:11:34,652 - INFO - Файл remote_version.txt успешно загружен.
2024-08-23 10:12:21,092 - INFO - Файл remote_version.txt успешно загружен.
2024-08-23 10:13:42,210 - INFO - Файл remote_version.txt успешно загружен.
2024-08-23 10:14:05,813 - INFO - Файл remote_version.txt успешно загружен.
2024-08-23 10:14:20,017 - INFO - Файл remote_version.txt успешно загружен.
2024-08-23 10:14:32,844 - INFO - Файл remote_version.txt успешно загружен.
2024-08-23 10:17:10,985 - INFO - Файл remote_version.txt успешно загружен.
2024-08-23 10:17:29,235 - INFO - Файл remote_version.txt успешно загружен.
2024-08-23 10:17:51,066 - INFO - Файл remote_version.txt успешно загружен.
2024-08-23 10:18:04,047 - INFO - Файл remote_version.txt успешно загружен.
2024-08-23 10:19:58,686 - INFO - Файл remote_version.txt успешно загружен.
2024-08-23 10:20:11,522 - INFO - Файл remote_version.txt успешно загружен.
2024-08-23 10:20:28,334 - INFO - Файл remote_version.txt успешно загружен.
2024-08-23 10:21:26,638 - INFO - Файл remote_version.txt успешно загружен.
2024-08-23 10:23:00,081 - INFO - Файл remote_version.txt успешно загружен.
2024-08-23 10:23:16,673 - INFO - Файл remote_version.txt успешно загружен.
2024-08-23 10:24:22,903 - INFO - Файл remote_version.txt успешно загружен.
2024-08-23 10:24:38,567 - INFO - Файл remote_version.txt успешно загружен.
2024-08-23 10:25:52,131 - INFO - Файл remote_version.txt успешно загружен.
2024-08-23 10:26:32,548 - INFO - Файл remote_version.txt успешно загружен.
2024-08-23 10:30:04,437 - INFO - Файл remote_version.txt успешно загружен.
2024-08-23 10:30:31,319 - INFO - Файл remote_version.txt успешно загружен.
2024-08-23 10:31:00,395 - INFO - Файл remote_version.txt успешно загружен.
2024-08-23 10:33:22,110 - INFO - Файл remote_version.txt успешно загружен.
2024-08-23 10:38:43,096 - INFO - Файл remote_version.txt успешно загружен.
2024-08-23 10:38:59,363 - INFO - Файл remote_version.txt успешно загружен.
2024-08-23 10:40:50,100 - INFO - Файл remote_version.txt успешно загружен.
2024-08-23 10:41:30,189 - INFO - Файл remote_version.txt успешно загружен.
2024-08-23 10:42:37,474 - INFO - Файл remote_version.txt успешно загружен.
2024-08-23 10:43:20,735 - INFO - Файл remote_version.txt успешно загружен.
2024-08-23 10:43:35,784 - INFO - Файл remote_version.txt успешно загружен.
2024-08-23 10:44:24,054 - INFO - Файл remote_version.txt успешно загружен.
2024-08-23 10:45:36,385 - INFO - Folder C:\Users\Operator\AppData\Local\Programs\Python\Python311\launcher\MO2/mods/RFAD_PATCH cleaned, except version.txt.
2024-08-23 10:45:37,629 - INFO - Extracted archive update.zip to C:\Users\Operator\AppData\Local\Programs\Python\Python311\launcher\MO2/mods/RFAD_PATCH
2024-08-23 10:46:59,162 - INFO - Файл remote_version.txt успешно загружен.
2024-08-23 10:47:25,411 - INFO - Файл remote_version.txt успешно загружен.
2024-08-23 10:48:25,534 - INFO - Файл remote_version.txt успешно загружен.
2024-08-23 10:48:54,555 - INFO - Файл remote_version.txt успешно загружен.
2024-08-23 11:23:23,573 - INFO - Файл remote_version.txt успешно загружен.
2024-08-23 11:24:42,543 - INFO - Folder C:\Users\Operator\AppData\Local\Programs\Python\Python311\launcher\MO2/mods/RFAD_PATCH cleaned, except version.txt.
2024-08-23 11:24:43,775 - INFO - Extracted archive update.zip to C:\Users\Operator\AppData\Local\Programs\Python\Python311\launcher\MO2/mods/RFAD_PATCH
2024-08-23 11:27:45,427 - INFO - Файл remote_version.txt успешно загружен.
2024-08-23 11:29:00,647 - INFO - Folder C:\Users\Operator\AppData\Local\Programs\Python\Python311\launcher\MO2/mods/RFAD_PATCH cleaned, except version.txt.
2024-08-23 11:29:01,916 - INFO - Extracted archive update.zip to C:\Users\Operator\AppData\Local\Programs\Python\Python311\launcher\MO2/mods/RFAD_PATCH
2024-08-23 11:29:08,073 - INFO - Файл modlist.txt успешно загружен.
2024-08-23 11:32:08,630 - INFO - Файл remote_version.txt успешно загружен.
2024-08-23 11:33:44,329 - INFO - Folder C:\Users\Operator\AppData\Local\Programs\Python\Python311\launcher\MO2/mods/RFAD_PATCH cleaned, except version.txt.
2024-08-23 11:33:45,540 - INFO - Extracted archive update.zip to C:\Users\Operator\AppData\Local\Programs\Python\Python311\launcher\MO2/mods/RFAD_PATCH
2024-08-23 11:33:47,027 - INFO - Файл modlist.txt успешно загружен.
2024-08-23 11:35:48,732 - INFO - Файл remote_version.txt успешно загружен.
2024-08-23 11:37:05,409 - INFO - Folder C:\Users\Operator\AppData\Local\Programs\Python\Python311\launcher\MO2/mods/RFAD_PATCH cleaned, except version.txt.
2024-08-23 11:37:06,910 - INFO - Extracted archive update.zip to C:\Users\Operator\AppData\Local\Programs\Python\Python311\launcher\MO2/mods/RFAD_PATCH
2024-08-23 11:37:08,931 - INFO - Файл modlist.txt успешно загружен.
2024-08-23 11:37:08,933 - INFO - Local version file replaced with new version: C:\Users\Operator\AppData\Local\Programs\Python\Python311\launcher\MO2/mods/RFAD_PATCH\version.txt
2024-08-23 11:39:55,639 - INFO - Файл remote_version.txt успешно загружен.
2024-08-23 11:41:08,111 - INFO - Folder C:\Users\Operator\AppData\Local\Programs\Python\Python311\launcher\MO2/mods/RFAD_PATCH cleaned, except version.txt.
2024-08-23 11:41:09,381 - INFO - Extracted archive update.zip to C:\Users\Operator\AppData\Local\Programs\Python\Python311\launcher\MO2/mods/RFAD_PATCH
2024-08-23 11:41:38,587 - INFO - Файл modlist.txt успешно загружен.
2024-08-23 13:49:19,194 - INFO - Файл remote_version.txt успешно загружен.
2024-08-23 13:50:36,441 - INFO - Folder C:\Users\Operator\AppData\Local\Programs\Python\Python311\launcher\MO2/mods/RFAD_PATCH cleaned, except version.txt.
2024-08-23 13:50:37,770 - INFO - Extracted archive update.zip to C:\Users\Operator\AppData\Local\Programs\Python\Python311\launcher\MO2/mods/RFAD_PATCH
2024-08-23 13:50:39,486 - INFO - Файл modlist.txt успешно загружен.
2024-08-23 13:50:39,491 - INFO - Local version file replaced with new version: C:\Users\Operator\AppData\Local\Programs\Python\Python311\launcher\MO2/mods/RFAD_PATCH\version.txt
2024-08-23 13:53:46,756 - INFO - Файл remote_version.txt успешно загружен.
2024-08-23 13:53:58,364 - INFO - Файл remote_version.txt успешно загружен.
2024-08-23 13:55:08,459 - INFO - Folder C:\Users\Operator\AppData\Local\Programs\Python\Python311\launcher\MO2/mods/RFAD_PATCH cleaned, except version.txt.
2024-08-23 13:55:09,799 - INFO - Extracted archive update.zip to C:\Users\Operator\AppData\Local\Programs\Python\Python311\launcher\MO2/mods/RFAD_PATCH
2024-08-23 13:55:11,553 - INFO - Файл modlist.txt успешно загружен.
2024-08-23 13:55:11,555 - INFO - Local version file replaced with new version: C:\Users\Operator\AppData\Local\Programs\Python\Python311\launcher\MO2/mods/RFAD_PATCH\version.txt
2024-08-23 14:00:09,469 - INFO - Файл remote_version.txt успешно загружен.
2024-08-23 14:01:32,081 - INFO - Folder C:\Users\Operator\AppData\Local\Programs\Python\Python311\launcher\MO2/mods/RFAD_PATCH cleaned, except version.txt.
2024-08-23 14:01:33,287 - INFO - Extracted archive update.zip to C:\Users\Operator\AppData\Local\Programs\Python\Python311\launcher\MO2/mods/RFAD_PATCH
2024-08-23 14:01:35,592 - INFO - Файл modlist.txt успешно загружен.
2024-08-23 14:01:35,593 - INFO - Local version file replaced with new version: C:\Users\Operator\AppData\Local\Programs\Python\Python311\launcher\MO2/mods/RFAD_PATCH\version.txt
2024-08-23 14:02:01,830 - INFO - Файл remote_version.txt успешно загружен.
2024-08-23 14:03:18,925 - INFO - Folder C:\Users\Operator\AppData\Local\Programs\Python\Python311\launcher\MO2/mods/RFAD_PATCH cleaned, except version.txt.
2024-08-23 14:03:20,638 - INFO - Extracted archive update.zip to C:\Users\Operator\AppData\Local\Programs\Python\Python311\launcher\MO2/mods/RFAD_PATCH
2024-08-23 14:03:22,032 - INFO - Файл modlist.txt успешно загружен.
2024-08-23 14:03:22,034 - INFO - Local version file replaced with new version: C:\Users\Operator\AppData\Local\Programs\Python\Python311\launcher\MO2/mods/RFAD_PATCH\version.txt
2024-08-23 14:07:29,928 - INFO - Файл remote_version.txt успешно загружен.
2024-08-23 14:08:46,598 - INFO - Folder C:\Users\Operator\AppData\Local\Programs\Python\Python311\launcher\MO2/mods/RFAD_PATCH cleaned, except version.txt.
2024-08-23 14:08:47,815 - INFO - Extracted archive update.zip to C:\Users\Operator\AppData\Local\Programs\Python\Python311\launcher\MO2/mods/RFAD_PATCH
2024-08-23 14:08:49,767 - INFO - Файл modlist.txt успешно загружен.
2024-08-23 14:08:49,769 - INFO - Local version file replaced with new version: C:\Users\Operator\AppData\Local\Programs\Python\Python311\launcher\MO2/mods/RFAD_PATCH\version.txt
2024-08-23 14:09:13,771 - INFO - Файл remote_version.txt успешно загружен.
2024-08-23 14:10:33,114 - INFO - Folder C:\Users\Operator\AppData\Local\Programs\Python\Python311\launcher\MO2/mods/RFAD_PATCH cleaned, except version.txt.
2024-08-23 14:10:34,325 - INFO - Extracted archive update.zip to C:\Users\Operator\AppData\Local\Programs\Python\Python311\launcher\MO2/mods/RFAD_PATCH
2024-08-23 14:10:35,730 - INFO - Файл modlist.txt успешно загружен.
2024-08-23 14:10:35,732 - INFO - Local version file replaced with new version: C:\Users\Operator\AppData\Local\Programs\Python\Python311\launcher\MO2/mods/RFAD_PATCH\version.txt
2024-08-23 14:12:00,535 - INFO - Файл remote_version.txt успешно загружен.
2024-08-23 14:13:24,064 - INFO - Folder C:\Users\Operator\AppData\Local\Programs\Python\Python311\launcher\MO2/mods/RFAD_PATCH cleaned, except version.txt.
2024-08-23 14:13:25,294 - INFO - Extracted archive update.zip to C:\Users\Operator\AppData\Local\Programs\Python\Python311\launcher\MO2/mods/RFAD_PATCH
2024-08-23 14:13:26,776 - INFO - Файл modlist.txt успешно загружен.
2024-08-23 14:15:44,057 - INFO - Файл remote_version.txt успешно загружен.
2024-08-23 14:16:58,794 - INFO - Folder C:\Users\Operator\AppData\Local\Programs\Python\Python311\launcher\MO2/mods/RFAD_PATCH cleaned, except version.txt.
2024-08-23 14:17:00,707 - INFO - Extracted archive update.zip to C:\Users\Operator\AppData\Local\Programs\Python\Python311\launcher\MO2/mods/RFAD_PATCH
2024-08-23 14:17:02,032 - INFO - Файл modlist.txt успешно загружен.
2024-08-23 14:17:02,034 - INFO - Local version file replaced with new version: C:\Users\Operator\AppData\Local\Programs\Python\Python311\launcher\MO2/mods/RFAD_PATCH\version.txt
2024-08-23 14:17:49,747 - INFO - Файл remote_version.txt успешно загружен.
2024-08-23 14:19:00,428 - INFO - Folder C:\Users\Operator\AppData\Local\Programs\Python\Python311\launcher\MO2/mods/RFAD_PATCH cleaned, except version.txt.
2024-08-23 14:19:01,804 - INFO - Extracted archive update.zip to C:\Users\Operator\AppData\Local\Programs\Python\Python311\launcher\MO2/mods/RFAD_PATCH
2024-08-23 14:19:03,091 - INFO - Файл modlist.txt успешно загружен.
2024-08-23 14:19:03,093 - INFO - Local version file replaced with new version: C:\Users\Operator\AppData\Local\Programs\Python\Python311\launcher\MO2/mods/RFAD_PATCH\version.txt
2024-08-23 14:20:35,157 - INFO - Файл remote_version.txt успешно загружен.
2024-08-23 14:21:51,579 - INFO - Folder C:\Users\Operator\AppData\Local\Programs\Python\Python311\launcher\MO2/mods/RFAD_PATCH cleaned, except version.txt.
2024-08-23 14:21:52,974 - INFO - Extracted archive update.zip to C:\Users\Operator\AppData\Local\Programs\Python\Python311\launcher\MO2/mods/RFAD_PATCH
2024-08-23 14:21:54,713 - INFO - Файл modlist.txt успешно загружен.
2024-08-23 14:21:54,715 - INFO - Local version file replaced with new version: C:\Users\Operator\AppData\Local\Programs\Python\Python311\launcher\MO2/mods/RFAD_PATCH\version.txt
2024-08-23 14:41:18,397 - INFO - Файл remote_version.txt успешно загружен.
2024-08-23 14:41:35,781 - INFO - Файл remote_version.txt успешно загружен.
2024-08-23 14:46:06,048 - INFO - Файл remote_version.txt успешно загружен.
2024-08-23 14:51:54,573 - INFO - Folder C:\Users\Operator\AppData\Local\Programs\Python\Python311\launcher\MO2/mods/RFAD_PATCH cleaned, except version.txt.
2024-08-23 14:52:37,849 - INFO - Extracted archive update.zip to C:\Users\Operator\AppData\Local\Programs\Python\Python311\launcher\MO2/mods/RFAD_PATCH
2024-08-23 14:52:38,661 - ERROR - Error change loadorder: 'NoneType' object is not subscriptable
2024-08-23 14:52:38,662 - INFO - Local version file replaced with new version: C:\Users\Operator\AppData\Local\Programs\Python\Python311\launcher\MO2/mods/RFAD_PATCH\version.txt
2024-08-23 14:53:55,750 - INFO - Файл remote_version.txt успешно загружен.
2024-08-23 14:55:22,489 - INFO - Файл remote_version.txt успешно загружен.
2024-08-23 14:55:54,971 - INFO - Файл remote_version.txt успешно загружен.
2024-08-23 14:57:18,603 - INFO - Файл remote_version.txt успешно загружен.
2024-08-23 14:57:32,275 - INFO - Файл remote_version.txt успешно загружен.
2024-08-23 14:57:42,365 - INFO - Файл remote_version.txt успешно загружен.
2024-08-23 14:59:02,842 - INFO - Файл remote_version.txt успешно загружен.
2024-08-23 14:59:37,261 - INFO - Файл remote_version.txt успешно загружен.
2024-08-23 14:59:58,937 - INFO - Файл remote_version.txt успешно загружен.
2024-08-23 15:00:27,355 - INFO - Файл remote_version.txt успешно загружен.
